<?xml version="1.0" encoding="UTF-8"?>
<!-- Generated by org.testng.reporters.JUnitXMLReporter -->
<testsuite hostname="STSPC93" ignored="0" name="Default test" tests="3" failures="0" timestamp="25 Sep 2018 12:16:18 GMT" time="0.055" errors="0">
  <testcase name="test1" time="0.015" classname="com.crm.listeners.TestNGListenerDemo"/>
  <testcase name="test2" time="0.001" classname="com.crm.listeners.TestNGListenerDemo"/>
  <testcase name="test3" time="0.001" classname="com.crm.listeners.TestNGListenerDemo"/>
</testsuite> <!-- Default test -->
