<?xml version="1.0" encoding="UTF-8"?>
<!-- Generated by org.testng.reporters.JUnitXMLReporter -->
<testsuite hostname="STSPC93" ignored="0" name="Test1" tests="6" failures="0" timestamp="25 Sep 2018 12:29:30 GMT" time="0.064" errors="0">
  <testcase name="test1" time="0.013" classname="com.crm.listeners.TestNGListenerDemo"/>
  <testcase name="test2" time="0.001" classname="com.crm.listeners.TestNGListenerDemo"/>
  <testcase name="test3" time="0.003" classname="com.crm.listeners.TestNGListenerDemo"/>
  <testcase name="test4" time="0.002" classname="com.crm.listeners.TestNGListenerDemo2"/>
  <testcase name="test5" time="0.001" classname="com.crm.listeners.TestNGListenerDemo2"/>
  <testcase name="test6" time="0.001" classname="com.crm.listeners.TestNGListenerDemo2"/>
</testsuite> <!-- Test1 -->
