<?xml version="1.0" encoding="UTF-8"?>
<testng-results skipped="0" failed="0" ignored="0" total="6" passed="6">
  <reporter-output>
  </reporter-output>
  <suite name="Suite" duration-ms="64" started-at="2018-09-25T12:29:30Z" finished-at="2018-09-25T12:29:30Z">
    <groups>
    </groups>
    <test name="Test1" duration-ms="64" started-at="2018-09-25T12:29:30Z" finished-at="2018-09-25T12:29:30Z">
      <class name="com.crm.listeners.TestNGListenerDemo">
        <test-method status="PASS" signature="test1()[pri:0, instance:com.crm.listeners.TestNGListenerDemo@480dd7]" name="test1" duration-ms="13" started-at="2018-09-25T12:29:30Z" finished-at="2018-09-25T12:29:30Z">
          <reporter-output>
          </reporter-output>
        </test-method> <!-- test1 -->
        <test-method status="PASS" signature="test2()[pri:0, instance:com.crm.listeners.TestNGListenerDemo@480dd7]" name="test2" duration-ms="1" started-at="2018-09-25T12:29:30Z" finished-at="2018-09-25T12:29:30Z">
          <reporter-output>
          </reporter-output>
        </test-method> <!-- test2 -->
        <test-method status="PASS" signature="test3()[pri:0, instance:com.crm.listeners.TestNGListenerDemo@480dd7]" name="test3" duration-ms="3" started-at="2018-09-25T12:29:30Z" finished-at="2018-09-25T12:29:30Z">
          <reporter-output>
          </reporter-output>
        </test-method> <!-- test3 -->
      </class> <!-- com.crm.listeners.TestNGListenerDemo -->
      <class name="com.crm.listeners.TestNGListenerDemo2">
        <test-method status="PASS" signature="test4()[pri:0, instance:com.crm.listeners.TestNGListenerDemo2@c03f1f]" name="test4" duration-ms="2" started-at="2018-09-25T12:29:30Z" finished-at="2018-09-25T12:29:30Z">
          <reporter-output>
          </reporter-output>
        </test-method> <!-- test4 -->
        <test-method status="PASS" signature="test5()[pri:0, instance:com.crm.listeners.TestNGListenerDemo2@c03f1f]" name="test5" duration-ms="1" started-at="2018-09-25T12:29:30Z" finished-at="2018-09-25T12:29:30Z">
          <reporter-output>
          </reporter-output>
        </test-method> <!-- test5 -->
        <test-method status="PASS" signature="test6()[pri:0, instance:com.crm.listeners.TestNGListenerDemo2@c03f1f]" name="test6" duration-ms="1" started-at="2018-09-25T12:29:30Z" finished-at="2018-09-25T12:29:30Z">
          <reporter-output>
          </reporter-output>
        </test-method> <!-- test6 -->
      </class> <!-- com.crm.listeners.TestNGListenerDemo2 -->
    </test> <!-- Test1 -->
  </suite> <!-- Suite -->
</testng-results>
